2020-10-03 16:41:49,897 - PixivUtil20200915 - INFO - ###############################################################
2020-10-03 16:41:49,897 - PixivUtil20200915 - INFO - Starting with argument: [E:\Users\Emc11\Downloads\PixivUtil\PixivUtil2.exe].
2020-10-03 16:41:49,901 - PixivUtil20200915 - INFO - Setting log level to: DEBUG
2020-10-03 16:41:49,901 - PixivUtil20200915 - INFO - No default cookie jar available, creating... 
2020-10-03 16:41:50,205 - PixivUtil20200915 - INFO - New beta version available: ('20200926', '-beta1')
2020-10-03 16:41:50,628 - PixivUtil20200915 - INFO - Using custom DB Path: E:\Users\Emc11\Dropbox\Software\Webscraping\PixivUtil\Data.sqlite
2020-10-03 16:41:51,845 - PixivUtil20200915 - INFO - Only process members where the last update is >= 14 days ago
2020-10-03 16:41:51,846 - PixivUtil20200915 - INFO - Using Username: emc1130@hotmail.com
2020-10-03 16:41:51,850 - PixivUtil20200915 - INFO - Trying to log in with saved cookie
2020-10-03 16:41:55,749 - PixivUtil20200915 - ERROR - Error at doLogin(): (<class 'mechanize._response.get_seek_wrapper_class.<locals>.httperror_seek_wrapper'>, <httperror_seek_wrapper (urllib.error.HTTPError instance) at 0x7bd0850 whose wrapped object = <HTTPError 302: 'The HTTP server returned a redirect error that would lead to an infinite loop.\nThe last 30x error message was:\nFound'>>, <traceback object at 0x07BD62A8>)
2020-10-03 16:41:55,750 - PixivUtil20200915 - ERROR - Traceback (most recent call last):
  File "PixivUtil2.py", line 941, in doLogin
  File "PixivBrowserFactory.pyc", line 311, in loginUsingCookie
  File "PixivBrowserFactory.pyc", line 200, in open_with_retry
  File "mechanize\_mechanize.pyc", line 253, in open
  File "mechanize\_mechanize.pyc", line 309, in _mech_open
mechanize._response.get_seek_wrapper_class.<locals>.httperror_seek_wrapper: HTTP Error 302: The HTTP server returned a redirect error that would lead to an infinite loop.
The last 30x error message was:
Found

2020-10-03 16:41:55,752 - PixivUtil20200915 - ERROR - Cannot Login!
2020-10-03 16:41:55,753 - PixivUtil20200915 - ERROR - Traceback (most recent call last):
  File "PixivUtil2.py", line 941, in doLogin
  File "PixivBrowserFactory.pyc", line 311, in loginUsingCookie
  File "PixivBrowserFactory.pyc", line 200, in open_with_retry
  File "mechanize\_mechanize.pyc", line 253, in open
  File "mechanize\_mechanize.pyc", line 309, in _mech_open
mechanize._response.get_seek_wrapper_class.<locals>.httperror_seek_wrapper: HTTP Error 302: The HTTP server returned a redirect error that would lead to an infinite loop.
The last 30x error message was:
Found

During handling of the above exception, another exception occurred:

Traceback (most recent call last):
  File "PixivUtil2.py", line 1143, in main
  File "PixivUtil2.py", line 948, in doLogin
PixivException.PixivException: 0 Cannot Login!, hasDumpPage=N, pageData=None

2020-10-03 16:42:06,441 - PixivUtil20200915 - INFO - ###############################################################
2020-10-03 16:42:06,442 - PixivUtil20200915 - INFO - Starting with argument: [E:\Users\Emc11\Downloads\PixivUtil\PixivUtil2.exe].
2020-10-03 16:42:06,445 - PixivUtil20200915 - INFO - Setting log level to: DEBUG
2020-10-03 16:42:06,445 - PixivUtil20200915 - INFO - No default cookie jar available, creating... 
2020-10-03 16:42:06,665 - PixivUtil20200915 - INFO - New beta version available: ('20200926', '-beta1')
2020-10-03 16:42:06,993 - PixivUtil20200915 - INFO - Using custom DB Path: E:\Users\Emc11\Dropbox\Software\Webscraping\PixivUtil\Data.sqlite
2020-10-03 16:42:06,996 - PixivUtil20200915 - INFO - Only process members where the last update is >= 14 days ago
2020-10-03 16:42:06,996 - PixivUtil20200915 - INFO - Using Username: emc1130@hotmail.com
2020-10-03 16:42:06,998 - PixivUtil20200915 - INFO - Trying to log in with saved cookie
2020-10-03 16:42:10,976 - PixivUtil20200915 - ERROR - Error at doLogin(): (<class 'mechanize._response.get_seek_wrapper_class.<locals>.httperror_seek_wrapper'>, <httperror_seek_wrapper (urllib.error.HTTPError instance) at 0x8030850 whose wrapped object = <HTTPError 302: 'The HTTP server returned a redirect error that would lead to an infinite loop.\nThe last 30x error message was:\nFound'>>, <traceback object at 0x08039268>)
2020-10-03 16:42:10,977 - PixivUtil20200915 - ERROR - Traceback (most recent call last):
  File "PixivUtil2.py", line 941, in doLogin
  File "PixivBrowserFactory.pyc", line 311, in loginUsingCookie
  File "PixivBrowserFactory.pyc", line 200, in open_with_retry
  File "mechanize\_mechanize.pyc", line 253, in open
  File "mechanize\_mechanize.pyc", line 309, in _mech_open
mechanize._response.get_seek_wrapper_class.<locals>.httperror_seek_wrapper: HTTP Error 302: The HTTP server returned a redirect error that would lead to an infinite loop.
The last 30x error message was:
Found

2020-10-03 16:42:10,978 - PixivUtil20200915 - ERROR - Cannot Login!
2020-10-03 16:42:10,979 - PixivUtil20200915 - ERROR - Traceback (most recent call last):
  File "PixivUtil2.py", line 941, in doLogin
  File "PixivBrowserFactory.pyc", line 311, in loginUsingCookie
  File "PixivBrowserFactory.pyc", line 200, in open_with_retry
  File "mechanize\_mechanize.pyc", line 253, in open
  File "mechanize\_mechanize.pyc", line 309, in _mech_open
mechanize._response.get_seek_wrapper_class.<locals>.httperror_seek_wrapper: HTTP Error 302: The HTTP server returned a redirect error that would lead to an infinite loop.
The last 30x error message was:
Found

During handling of the above exception, another exception occurred:

Traceback (most recent call last):
  File "PixivUtil2.py", line 1143, in main
  File "PixivUtil2.py", line 948, in doLogin
PixivException.PixivException: 0 Cannot Login!, hasDumpPage=N, pageData=None

2020-10-03 16:42:12,356 - PixivUtil20200915 - INFO - ###############################################################
2020-10-03 16:42:12,356 - PixivUtil20200915 - INFO - Starting with argument: [E:\Users\Emc11\Downloads\PixivUtil\PixivUtil2.exe].
2020-10-03 16:42:12,361 - PixivUtil20200915 - INFO - Setting log level to: DEBUG
2020-10-03 16:42:12,361 - PixivUtil20200915 - INFO - No default cookie jar available, creating... 
2020-10-03 16:42:12,555 - PixivUtil20200915 - INFO - New beta version available: ('20200926', '-beta1')
2020-10-03 16:42:12,878 - PixivUtil20200915 - INFO - Using custom DB Path: E:\Users\Emc11\Dropbox\Software\Webscraping\PixivUtil\Data.sqlite
2020-10-03 16:42:12,883 - PixivUtil20200915 - INFO - Only process members where the last update is >= 14 days ago
2020-10-03 16:42:12,883 - PixivUtil20200915 - INFO - Using Username: emc1130@hotmail.com
2020-10-03 16:42:12,884 - PixivUtil20200915 - INFO - Trying to log in with saved cookie
2020-10-03 16:42:16,967 - PixivUtil20200915 - ERROR - Error at doLogin(): (<class 'mechanize._response.get_seek_wrapper_class.<locals>.httperror_seek_wrapper'>, <httperror_seek_wrapper (urllib.error.HTTPError instance) at 0x74a0850 whose wrapped object = <HTTPError 302: 'The HTTP server returned a redirect error that would lead to an infinite loop.\nThe last 30x error message was:\nFound'>>, <traceback object at 0x074A92E8>)
2020-10-03 16:42:16,969 - PixivUtil20200915 - ERROR - Traceback (most recent call last):
  File "PixivUtil2.py", line 941, in doLogin
  File "PixivBrowserFactory.pyc", line 311, in loginUsingCookie
  File "PixivBrowserFactory.pyc", line 200, in open_with_retry
  File "mechanize\_mechanize.pyc", line 253, in open
  File "mechanize\_mechanize.pyc", line 309, in _mech_open
mechanize._response.get_seek_wrapper_class.<locals>.httperror_seek_wrapper: HTTP Error 302: The HTTP server returned a redirect error that would lead to an infinite loop.
The last 30x error message was:
Found

2020-10-03 16:42:16,971 - PixivUtil20200915 - ERROR - Cannot Login!
2020-10-03 16:42:16,973 - PixivUtil20200915 - ERROR - Traceback (most recent call last):
  File "PixivUtil2.py", line 941, in doLogin
  File "PixivBrowserFactory.pyc", line 311, in loginUsingCookie
  File "PixivBrowserFactory.pyc", line 200, in open_with_retry
  File "mechanize\_mechanize.pyc", line 253, in open
  File "mechanize\_mechanize.pyc", line 309, in _mech_open
mechanize._response.get_seek_wrapper_class.<locals>.httperror_seek_wrapper: HTTP Error 302: The HTTP server returned a redirect error that would lead to an infinite loop.
The last 30x error message was:
Found

During handling of the above exception, another exception occurred:

Traceback (most recent call last):
  File "PixivUtil2.py", line 1143, in main
  File "PixivUtil2.py", line 948, in doLogin
PixivException.PixivException: 0 Cannot Login!, hasDumpPage=N, pageData=None

2020-10-03 16:42:48,259 - PixivUtil20200915 - INFO - ###############################################################
2020-10-03 16:42:48,259 - PixivUtil20200915 - INFO - Starting with argument: [E:\Users\Emc11\Downloads\PixivUtil\PixivUtil2.exe].
2020-10-03 16:42:48,264 - PixivUtil20200915 - INFO - Setting log level to: DEBUG
2020-10-03 16:42:48,264 - PixivUtil20200915 - INFO - No default cookie jar available, creating... 
2020-10-03 16:42:48,458 - PixivUtil20200915 - INFO - New beta version available: ('20200926', '-beta1')
2020-10-03 16:42:48,799 - PixivUtil20200915 - INFO - Using custom DB Path: E:\Users\Emc11\Dropbox\Software\Webscraping\PixivUtil\Data.sqlite
2020-10-03 16:42:48,803 - PixivUtil20200915 - INFO - Only process members where the last update is >= 14 days ago
2020-10-03 16:42:48,803 - PixivUtil20200915 - INFO - Using Username: emc1130@hotmail.com
2020-10-03 16:42:48,804 - PixivUtil20200915 - INFO - Trying to log in with saved cookie
2020-10-03 16:42:53,679 - PixivUtil20200915 - ERROR - Error at doLogin(): (<class 'mechanize._response.get_seek_wrapper_class.<locals>.httperror_seek_wrapper'>, <httperror_seek_wrapper (urllib.error.HTTPError instance) at 0x77c0850 whose wrapped object = <HTTPError 302: 'The HTTP server returned a redirect error that would lead to an infinite loop.\nThe last 30x error message was:\nFound'>>, <traceback object at 0x077C7248>)
2020-10-03 16:42:53,681 - PixivUtil20200915 - ERROR - Traceback (most recent call last):
  File "PixivUtil2.py", line 941, in doLogin
  File "PixivBrowserFactory.pyc", line 311, in loginUsingCookie
  File "PixivBrowserFactory.pyc", line 200, in open_with_retry
  File "mechanize\_mechanize.pyc", line 253, in open
  File "mechanize\_mechanize.pyc", line 309, in _mech_open
mechanize._response.get_seek_wrapper_class.<locals>.httperror_seek_wrapper: HTTP Error 302: The HTTP server returned a redirect error that would lead to an infinite loop.
The last 30x error message was:
Found

2020-10-03 16:42:53,683 - PixivUtil20200915 - ERROR - Cannot Login!
2020-10-03 16:42:53,685 - PixivUtil20200915 - ERROR - Traceback (most recent call last):
  File "PixivUtil2.py", line 941, in doLogin
  File "PixivBrowserFactory.pyc", line 311, in loginUsingCookie
  File "PixivBrowserFactory.pyc", line 200, in open_with_retry
  File "mechanize\_mechanize.pyc", line 253, in open
  File "mechanize\_mechanize.pyc", line 309, in _mech_open
mechanize._response.get_seek_wrapper_class.<locals>.httperror_seek_wrapper: HTTP Error 302: The HTTP server returned a redirect error that would lead to an infinite loop.
The last 30x error message was:
Found

During handling of the above exception, another exception occurred:

Traceback (most recent call last):
  File "PixivUtil2.py", line 1143, in main
  File "PixivUtil2.py", line 948, in doLogin
PixivException.PixivException: 0 Cannot Login!, hasDumpPage=N, pageData=None

2020-10-03 16:45:12,053 - PixivUtil20200915 - INFO - ###############################################################
2020-10-03 16:45:12,054 - PixivUtil20200915 - INFO - Starting with argument: [E:\Users\Emc11\Dropbox\Software\Webscraping\PixivUtil\PixivUtil2.exe].
2020-10-03 16:45:12,058 - PixivUtil20200915 - INFO - Setting log level to: DEBUG
2020-10-03 16:45:12,058 - PixivUtil20200915 - INFO - No default cookie jar available, creating... 
2020-10-03 16:45:12,390 - PixivUtil20200915 - INFO - New beta version available: ('20200926', '-beta1')
2020-10-03 16:45:12,737 - PixivUtil20200915 - INFO - Using custom DB Path: E:\Users\Emc11\Dropbox\Software\Webscraping\PixivUtil\Data.sqlite
2020-10-03 16:45:13,221 - PixivUtil20200915 - INFO - Only process members where the last update is >= 14 days ago
2020-10-03 16:45:13,222 - PixivUtil20200915 - INFO - Using Username: emc1130@hotmail.com
2020-10-03 16:45:13,223 - PixivUtil20200915 - INFO - Trying to log in with saved cookie
2020-10-03 16:45:17,153 - PixivUtil20200915 - ERROR - Error at doLogin(): (<class 'mechanize._response.get_seek_wrapper_class.<locals>.httperror_seek_wrapper'>, <httperror_seek_wrapper (urllib.error.HTTPError instance) at 0x78ce538 whose wrapped object = <HTTPError 302: 'The HTTP server returned a redirect error that would lead to an infinite loop.\nThe last 30x error message was:\nFound'>>, <traceback object at 0x078CF268>)
2020-10-03 16:45:17,155 - PixivUtil20200915 - ERROR - Traceback (most recent call last):
  File "PixivUtil2.py", line 941, in doLogin
  File "PixivBrowserFactory.pyc", line 311, in loginUsingCookie
  File "PixivBrowserFactory.pyc", line 200, in open_with_retry
  File "mechanize\_mechanize.pyc", line 253, in open
  File "mechanize\_mechanize.pyc", line 309, in _mech_open
mechanize._response.get_seek_wrapper_class.<locals>.httperror_seek_wrapper: HTTP Error 302: The HTTP server returned a redirect error that would lead to an infinite loop.
The last 30x error message was:
Found

2020-10-03 16:45:17,155 - PixivUtil20200915 - ERROR - Cannot Login!
2020-10-03 16:45:17,157 - PixivUtil20200915 - ERROR - Traceback (most recent call last):
  File "PixivUtil2.py", line 941, in doLogin
  File "PixivBrowserFactory.pyc", line 311, in loginUsingCookie
  File "PixivBrowserFactory.pyc", line 200, in open_with_retry
  File "mechanize\_mechanize.pyc", line 253, in open
  File "mechanize\_mechanize.pyc", line 309, in _mech_open
mechanize._response.get_seek_wrapper_class.<locals>.httperror_seek_wrapper: HTTP Error 302: The HTTP server returned a redirect error that would lead to an infinite loop.
The last 30x error message was:
Found

During handling of the above exception, another exception occurred:

Traceback (most recent call last):
  File "PixivUtil2.py", line 1143, in main
  File "PixivUtil2.py", line 948, in doLogin
PixivException.PixivException: 0 Cannot Login!, hasDumpPage=N, pageData=None

2020-10-03 16:53:32,270 - PixivUtil20200915 - INFO - EXIT: 0
2020-10-03 16:53:32,271 - PixivUtil20200915 - INFO - ###############################################################
2020-10-03 17:04:35,531 - PixivUtil20200915 - INFO - ###############################################################
2020-10-03 17:04:35,532 - PixivUtil20200915 - INFO - Starting with argument: [E:\Users\Emc11\Dropbox\Software\Webscraping\PixivUtil\PixivUtil2.exe].
2020-10-03 17:04:35,738 - PixivUtil20200915 - INFO - Setting log level to: DEBUG
2020-10-03 17:04:35,739 - PixivUtil20200915 - INFO - No default cookie jar available, creating... 
2020-10-03 17:04:36,392 - PixivUtil20200915 - INFO - New beta version available: ('20200926', '-beta1')
2020-10-03 17:04:36,803 - PixivUtil20200915 - INFO - Using custom DB Path: E:\Users\Emc11\Dropbox\Software\Webscraping\PixivUtil\Data.sqlite
2020-10-03 17:04:36,840 - PixivUtil20200915 - INFO - Only process members where the last update is >= 14 days ago
2020-10-03 17:04:36,840 - PixivUtil20200915 - INFO - Using Username: emc1130@hotmail.com
2020-10-03 17:04:36,842 - PixivUtil20200915 - INFO - Trying to log in with saved cookie
2020-10-03 17:04:40,863 - PixivUtil20200915 - ERROR - Error at doLogin(): (<class 'mechanize._response.get_seek_wrapper_class.<locals>.httperror_seek_wrapper'>, <httperror_seek_wrapper (urllib.error.HTTPError instance) at 0x782a5c8 whose wrapped object = <HTTPError 302: 'The HTTP server returned a redirect error that would lead to an infinite loop.\nThe last 30x error message was:\nFound'>>, <traceback object at 0x078302A8>)
2020-10-03 17:04:40,864 - PixivUtil20200915 - ERROR - Traceback (most recent call last):
  File "PixivUtil2.py", line 941, in doLogin
  File "PixivBrowserFactory.pyc", line 311, in loginUsingCookie
  File "PixivBrowserFactory.pyc", line 200, in open_with_retry
  File "mechanize\_mechanize.pyc", line 253, in open
  File "mechanize\_mechanize.pyc", line 309, in _mech_open
mechanize._response.get_seek_wrapper_class.<locals>.httperror_seek_wrapper: HTTP Error 302: The HTTP server returned a redirect error that would lead to an infinite loop.
The last 30x error message was:
Found

2020-10-03 17:04:41,282 - PixivUtil20200915 - ERROR - Cannot Login!
2020-10-03 17:04:41,284 - PixivUtil20200915 - ERROR - Traceback (most recent call last):
  File "PixivUtil2.py", line 941, in doLogin
  File "PixivBrowserFactory.pyc", line 311, in loginUsingCookie
  File "PixivBrowserFactory.pyc", line 200, in open_with_retry
  File "mechanize\_mechanize.pyc", line 253, in open
  File "mechanize\_mechanize.pyc", line 309, in _mech_open
mechanize._response.get_seek_wrapper_class.<locals>.httperror_seek_wrapper: HTTP Error 302: The HTTP server returned a redirect error that would lead to an infinite loop.
The last 30x error message was:
Found

During handling of the above exception, another exception occurred:

Traceback (most recent call last):
  File "PixivUtil2.py", line 1143, in main
  File "PixivUtil2.py", line 948, in doLogin
PixivException.PixivException: 0 Cannot Login!, hasDumpPage=N, pageData=None

2020-10-03 17:06:32,816 - PixivUtil20200915 - INFO - EXIT: 0
2020-10-03 17:06:32,816 - PixivUtil20200915 - INFO - ###############################################################
2020-10-03 17:06:36,781 - PixivUtil20200915 - INFO - ###############################################################
2020-10-03 17:06:36,781 - PixivUtil20200915 - INFO - Starting with argument: [E:\Users\Emc11\Dropbox\Software\Webscraping\PixivUtil\PixivUtil2.exe].
2020-10-03 17:06:36,785 - PixivUtil20200915 - ERROR - Error at loadConfig() reading file: E:\Users\Emc11\Dropbox\Software\Webscraping\PixivUtil\config.ini
Traceback (most recent call last):
  File "PixivConfig.pyc", line 198, in loadConfig
  File "PixivHelper.pyc", line 336, in open_text_file
  File "codecs.pyc", line 905, in open
FileNotFoundError: [Errno 2] No such file or directory: 'E:\\Users\\Emc11\\Dropbox\\Software\\Webscraping\\PixivUtil\\config.ini'
2020-10-03 17:06:36,967 - PixivUtil20200915 - DEBUG - renaming E:\Users\Emc11\Dropbox\Software\Webscraping\PixivUtil\config.ini.tmp to E:\Users\Emc11\Dropbox\Software\Webscraping\PixivUtil\config.ini
2020-10-03 17:06:37,015 - PixivUtil20200915 - INFO - Setting log level to: DEBUG
2020-10-03 17:06:37,015 - PixivUtil20200915 - INFO - No default cookie jar available, creating... 
2020-10-03 17:06:37,302 - PixivUtil20200915 - INFO - New beta version available: ('20200926', '-beta1')
2020-10-03 17:06:37,758 - PixivUtil20200915 - INFO - Using default DB Path: E:\Users\Emc11\Dropbox\Software\Webscraping\PixivUtil\db.sqlite
2020-10-03 17:06:39,805 - PixivUtil20200915 - INFO - Only process members where the last update is >= 7 days ago
2020-10-03 17:07:05,849 - PixivUtil20200915 - INFO - Logging in...
2020-10-03 17:07:07,613 - PixivUtil20200915 - INFO - Logging in, return url: https://accounts.pixiv.net/api/login?lang=en
2020-10-03 17:07:07,614 - PixivUtil20200915 - INFO - b'{"error":false,"message":"","body":{"validation_errors":{"captcha":"Complete the reCAPTCHA verification"}}}'
2020-10-03 17:07:07,655 - PixivUtil20200915 - INFO - Server reply: {'captcha': 'Complete the reCAPTCHA verification'}
2020-10-03 17:11:59,710 - PixivUtil20200915 - INFO - EXIT: 100
2020-10-03 17:11:59,710 - PixivUtil20200915 - INFO - ###############################################################
2020-10-03 17:12:04,589 - PixivUtil20200915 - INFO - ###############################################################
2020-10-03 17:12:04,589 - PixivUtil20200915 - INFO - Starting with argument: [E:\Users\Emc11\Dropbox\Software\Webscraping\PixivUtil\PixivUtil2.exe].
2020-10-03 17:12:04,839 - PixivUtil20200915 - INFO - Setting log level to: DEBUG
2020-10-03 17:12:04,840 - PixivUtil20200915 - INFO - No default cookie jar available, creating... 
2020-10-03 17:12:05,279 - PixivUtil20200915 - INFO - New beta version available: ('20200926', '-beta1')
2020-10-03 17:12:05,703 - PixivUtil20200915 - INFO - Using custom DB Path: E:\Users\Emc11\Dropbox\Software\Webscraping\PixivUtil\Data.sqlite
2020-10-03 17:12:05,974 - PixivUtil20200915 - INFO - Only process members where the last update is >= 14 days ago
2020-10-03 17:12:05,992 - PixivUtil20200915 - INFO - Using Username: emc1130@hotmail.com
2020-10-03 17:12:06,179 - PixivUtil20200915 - INFO - Logging in...
2020-10-03 17:12:08,082 - PixivUtil20200915 - INFO - Logging in, return url: https://accounts.pixiv.net/api/login?lang=en
2020-10-03 17:12:08,084 - PixivUtil20200915 - INFO - b'{"error":false,"message":"","body":{"validation_errors":{"captcha":"Complete the reCAPTCHA verification"}}}'
2020-10-03 17:12:08,117 - PixivUtil20200915 - INFO - Server reply: {'captcha': 'Complete the reCAPTCHA verification'}
2020-10-04 12:12:08,875 - PixivUtil20200915 - INFO - ###############################################################
2020-10-04 12:12:08,875 - PixivUtil20200915 - INFO - Starting with argument: [E:\Users\Emc11\Dropbox\Software\Webscraping\PixivUtil\PixivUtil2.exe].
2020-10-04 12:12:08,912 - PixivUtil20200915 - INFO - Setting log level to: DEBUG
2020-10-04 12:12:08,912 - PixivUtil20200915 - INFO - No default cookie jar available, creating... 
2020-10-04 12:12:09,235 - PixivUtil20200915 - INFO - New beta version available: ('20200926', '-beta1')
2020-10-04 12:12:09,711 - PixivUtil20200915 - INFO - Using custom DB Path: E:\Users\Emc11\Dropbox\Software\Webscraping\PixivUtil\Data.sqlite
2020-10-04 12:12:09,741 - PixivUtil20200915 - INFO - Only process members where the last update is >= 14 days ago
2020-10-04 12:12:09,742 - PixivUtil20200915 - INFO - Using Username: emc1130@hotmail.com
2020-10-04 12:12:09,743 - PixivUtil20200915 - INFO - Logging in...
2020-10-04 12:12:11,552 - PixivUtil20200915 - INFO - Logging in, return url: https://accounts.pixiv.net/api/login?lang=en
2020-10-04 12:12:11,553 - PixivUtil20200915 - INFO - b'{"error":false,"message":"","body":{"validation_errors":{"captcha":"Complete the reCAPTCHA verification"}}}'
2020-10-04 12:12:11,658 - PixivUtil20200915 - INFO - Server reply: {'captcha': 'Complete the reCAPTCHA verification'}
2020-10-04 12:18:04,601 - PixivUtil20200915 - INFO - EXIT: 100
2020-10-04 12:18:04,601 - PixivUtil20200915 - INFO - ###############################################################
2020-10-04 12:18:07,081 - PixivUtil20200915 - INFO - ###############################################################
2020-10-04 12:18:07,082 - PixivUtil20200915 - INFO - Starting with argument: [E:\Users\Emc11\Dropbox\Software\Webscraping\PixivUtil\PixivUtil2.exe].
2020-10-04 12:18:07,089 - PixivUtil20200915 - INFO - Setting log level to: DEBUG
2020-10-04 12:18:07,089 - PixivUtil20200915 - INFO - No default cookie jar available, creating... 
2020-10-04 12:18:07,458 - PixivUtil20200915 - INFO - New beta version available: ('20200926', '-beta1')
2020-10-04 12:18:07,955 - PixivUtil20200915 - INFO - Using custom DB Path: E:\Users\Emc11\Dropbox\Software\Webscraping\PixivUtil\Data.sqlite
2020-10-04 12:18:07,965 - PixivUtil20200915 - INFO - Only process members where the last update is >= 14 days ago
2020-10-04 12:18:07,966 - PixivUtil20200915 - INFO - Using Username: emc1130@hotmail.com
2020-10-04 12:18:07,967 - PixivUtil20200915 - INFO - Trying to log in with saved cookie
2020-10-04 12:18:08,357 - PixivUtil20200915 - INFO - Logging in, return url: https://www.pixiv.net/
2020-10-04 12:18:08,359 - PixivUtil20200915 - INFO - Login successful.
2020-10-04 12:18:08,360 - PixivUtil20200915 - INFO - Logged in using cookie
2020-10-04 12:18:08,362 - PixivUtil20200915 - ERROR - Unable to get User Id, please check your cookie.
2020-10-04 12:18:08,363 - PixivUtil20200915 - ERROR - NoneType: None

2020-10-04 12:18:08,364 - PixivUtil20200915 - INFO - Premium User: False.
2020-10-04 12:18:08,365 - PixivUtil20200915 - INFO - Locale = 
2020-10-04 12:18:18,952 - PixivUtil20200915 - INFO - User's Image Bookmark mode (6).
2020-10-04 12:18:41,586 - PixivUtil20200915 - INFO - Importing user's bookmarked image from page 1
2020-10-04 12:18:41,846 - PixivUtil20200915 - INFO - Source URL: https://www.pixiv.net/ajax/user/0/illusts/bookmarks?tag=&offset=0&limit=48&rest=show
2020-10-04 12:18:42,858 - PixivUtil20200915 - ERROR - Error at process_image_bookmark(): (<class 'mechanize._response.get_seek_wrapper_class.<locals>.httperror_seek_wrapper'>, <httperror_seek_wrapper (urllib.error.HTTPError instance) at 0x82f5a00 whose wrapped object = <HTTPError 401: 'Unauthorized'>>, <traceback object at 0x08335568>)
2020-10-04 12:18:42,859 - PixivUtil20200915 - ERROR - Traceback (most recent call last):
  File "PixivBookmarkHandler.pyc", line 73, in process_image_bookmark
  File "PixivBookmarkHandler.pyc", line 338, in get_image_bookmark
  File "mechanize\_mechanize.pyc", line 253, in open
  File "mechanize\_mechanize.pyc", line 309, in _mech_open
mechanize._response.get_seek_wrapper_class.<locals>.httperror_seek_wrapper: HTTP Error 401: Unauthorized

2020-10-04 12:18:42,863 - PixivUtil20200915 - ERROR - Unknown Error: HTTP Error 401: Unauthorized
Traceback (most recent call last):
  File "PixivUtil2.py", line 1146, in main
  File "PixivUtil2.py", line 859, in main_loop
  File "PixivUtil2.py", line 491, in menu_download_from_online_image_bookmark
  File "PixivBookmarkHandler.pyc", line 73, in process_image_bookmark
  File "PixivBookmarkHandler.pyc", line 338, in get_image_bookmark
  File "mechanize\_mechanize.pyc", line 253, in open
  File "mechanize\_mechanize.pyc", line 309, in _mech_open
mechanize._response.get_seek_wrapper_class.<locals>.httperror_seek_wrapper: HTTP Error 401: Unauthorized
2020-10-04 12:19:01,649 - PixivUtil20200915 - INFO - EXIT: -1
2020-10-04 12:19:01,649 - PixivUtil20200915 - INFO - ###############################################################
2020-10-04 12:19:11,605 - PixivUtil20200915 - INFO - ###############################################################
2020-10-04 12:19:11,606 - PixivUtil20200915 - INFO - Starting with argument: [E:\Users\Emc11\Dropbox\Software\Webscraping\PixivUtil\PixivUtil2.exe].
2020-10-04 12:19:11,609 - PixivUtil20200915 - INFO - Setting log level to: DEBUG
2020-10-04 12:19:11,609 - PixivUtil20200915 - INFO - No default cookie jar available, creating... 
2020-10-04 12:19:12,123 - PixivUtil20200915 - INFO - New beta version available: ('20200926', '-beta1')
2020-10-04 12:19:12,573 - PixivUtil20200915 - INFO - Using custom DB Path: E:\Users\Emc11\Dropbox\Software\Webscraping\PixivUtil\Data.sqlite
2020-10-04 12:19:13,052 - PixivUtil20200915 - INFO - Only process members where the last update is >= 14 days ago
2020-10-04 12:19:13,053 - PixivUtil20200915 - INFO - Using Username: emc1130@hotmail.com
2020-10-04 12:19:13,055 - PixivUtil20200915 - INFO - Trying to log in with saved cookie
2020-10-04 12:19:13,457 - PixivUtil20200915 - INFO - Logging in, return url: https://www.pixiv.net/
2020-10-04 12:19:13,525 - PixivUtil20200915 - INFO - Login successful.
2020-10-04 12:19:13,525 - PixivUtil20200915 - INFO - Logged in using cookie
2020-10-04 12:19:13,528 - PixivUtil20200915 - ERROR - Unable to get User Id, please check your cookie.
2020-10-04 12:19:13,529 - PixivUtil20200915 - ERROR - NoneType: None

2020-10-04 12:19:13,537 - PixivUtil20200915 - INFO - Premium User: False.
2020-10-04 12:19:13,537 - PixivUtil20200915 - INFO - Locale = 
2020-10-04 12:21:04,199 - PixivUtil20200915 - INFO - EXIT: 0
2020-10-04 12:21:04,199 - PixivUtil20200915 - INFO - ###############################################################
2020-10-04 12:21:06,809 - PixivUtil20200915 - INFO - ###############################################################
2020-10-04 12:21:06,810 - PixivUtil20200915 - INFO - Starting with argument: [E:\Users\Emc11\Dropbox\Software\Webscraping\PixivUtil\PixivUtil2.exe].
2020-10-04 12:21:06,813 - PixivUtil20200915 - INFO - Setting log level to: DEBUG
2020-10-04 12:21:06,814 - PixivUtil20200915 - INFO - No default cookie jar available, creating... 
2020-10-04 12:21:07,194 - PixivUtil20200915 - INFO - New beta version available: ('20200926', '-beta1')
2020-10-04 12:21:07,627 - PixivUtil20200915 - INFO - Using custom DB Path: E:\Users\Emc11\Dropbox\Software\Webscraping\PixivUtil\Data.sqlite
2020-10-04 12:21:08,013 - PixivUtil20200915 - INFO - Only process members where the last update is >= 14 days ago
2020-10-04 12:21:08,014 - PixivUtil20200915 - INFO - Using Username: emc1130@hotmail.com
2020-10-04 12:21:08,249 - PixivUtil20200915 - INFO - Trying to log in with saved cookie
2020-10-04 12:21:09,131 - PixivUtil20200915 - INFO - Logging in, return url: https://www.pixiv.net/
2020-10-04 12:21:09,132 - PixivUtil20200915 - INFO - Login successful.
2020-10-04 12:21:09,132 - PixivUtil20200915 - INFO - Logged in using cookie
2020-10-04 12:21:09,135 - PixivUtil20200915 - ERROR - Unable to get User Id, please check your cookie.
2020-10-04 12:21:09,137 - PixivUtil20200915 - ERROR - NoneType: None

2020-10-04 12:21:09,151 - PixivUtil20200915 - INFO - Premium User: False.
2020-10-04 12:21:09,151 - PixivUtil20200915 - INFO - Locale = 
2020-10-04 12:22:33,759 - PixivUtil20200915 - INFO - EXIT: 0
2020-10-04 12:22:33,760 - PixivUtil20200915 - INFO - ###############################################################
2020-10-04 12:22:36,010 - PixivUtil20200915 - INFO - ###############################################################
2020-10-04 12:22:36,011 - PixivUtil20200915 - INFO - Starting with argument: [E:\Users\Emc11\Dropbox\Software\Webscraping\PixivUtil\PixivUtil2.exe].
2020-10-04 12:22:36,014 - PixivUtil20200915 - INFO - Setting log level to: DEBUG
2020-10-04 12:22:36,015 - PixivUtil20200915 - INFO - No default cookie jar available, creating... 
2020-10-04 12:22:36,241 - PixivUtil20200915 - INFO - New beta version available: ('20200926', '-beta1')
2020-10-04 12:22:36,871 - PixivUtil20200915 - INFO - Using custom DB Path: E:\Users\Emc11\Dropbox\Software\Webscraping\PixivUtil\Data.sqlite
2020-10-04 12:22:37,525 - PixivUtil20200915 - INFO - Only process members where the last update is >= 14 days ago
2020-10-04 12:22:37,608 - PixivUtil20200915 - INFO - Using Username: emc1130@hotmail.com
2020-10-04 12:22:37,917 - PixivUtil20200915 - INFO - Trying to log in with saved cookie
2020-10-04 12:22:38,796 - PixivUtil20200915 - INFO - Logging in, return url: https://www.pixiv.net/
2020-10-04 12:22:38,797 - PixivUtil20200915 - INFO - Login successful.
2020-10-04 12:22:38,797 - PixivUtil20200915 - INFO - Logged in using cookie
2020-10-04 12:22:38,814 - PixivUtil20200915 - ERROR - Unable to get User Id, please check your cookie.
2020-10-04 12:22:38,814 - PixivUtil20200915 - ERROR - NoneType: None

2020-10-04 12:22:38,984 - PixivUtil20200915 - INFO - Premium User: False.
2020-10-04 12:22:38,985 - PixivUtil20200915 - INFO - Locale = 
2020-10-04 12:22:49,191 - PixivUtil20200915 - INFO - User's Image Bookmark mode (6).
2020-10-04 12:22:53,704 - PixivUtil20200915 - INFO - Importing user's bookmarked image from page 1
2020-10-04 12:22:53,966 - PixivUtil20200915 - INFO - Source URL: https://www.pixiv.net/ajax/user/0/illusts/bookmarks?tag=&offset=0&limit=48&rest=show
2020-10-04 12:22:54,867 - PixivUtil20200915 - ERROR - Error at process_image_bookmark(): (<class 'mechanize._response.get_seek_wrapper_class.<locals>.httperror_seek_wrapper'>, <httperror_seek_wrapper (urllib.error.HTTPError instance) at 0x7e96a48 whose wrapped object = <HTTPError 401: 'Unauthorized'>>, <traceback object at 0x07ED5548>)
2020-10-04 12:22:54,868 - PixivUtil20200915 - ERROR - Traceback (most recent call last):
  File "PixivBookmarkHandler.pyc", line 70, in process_image_bookmark
  File "PixivBookmarkHandler.pyc", line 338, in get_image_bookmark
  File "mechanize\_mechanize.pyc", line 253, in open
  File "mechanize\_mechanize.pyc", line 309, in _mech_open
mechanize._response.get_seek_wrapper_class.<locals>.httperror_seek_wrapper: HTTP Error 401: Unauthorized

2020-10-04 12:22:55,141 - PixivUtil20200915 - ERROR - Unknown Error: HTTP Error 401: Unauthorized
Traceback (most recent call last):
  File "PixivUtil2.py", line 1146, in main
  File "PixivUtil2.py", line 859, in main_loop
  File "PixivUtil2.py", line 491, in menu_download_from_online_image_bookmark
  File "PixivBookmarkHandler.pyc", line 70, in process_image_bookmark
  File "PixivBookmarkHandler.pyc", line 338, in get_image_bookmark
  File "mechanize\_mechanize.pyc", line 253, in open
  File "mechanize\_mechanize.pyc", line 309, in _mech_open
mechanize._response.get_seek_wrapper_class.<locals>.httperror_seek_wrapper: HTTP Error 401: Unauthorized
2020-10-04 12:22:57,247 - PixivUtil20200915 - INFO - EXIT: -1
2020-10-04 12:22:57,248 - PixivUtil20200915 - INFO - ###############################################################
2020-10-08 13:01:41,766 - PixivUtil20200915 - INFO - ###############################################################
2020-10-08 13:01:41,792 - PixivUtil20200915 - INFO - Starting with argument: [E:\Users\Emc11\Dropbox\Software\Webscraping\PixivUtil\PixivUtil2.exe].
2020-10-08 13:01:41,879 - PixivUtil20200915 - INFO - Setting log level to: DEBUG
2020-10-08 13:01:41,880 - PixivUtil20200915 - INFO - No default cookie jar available, creating... 
2020-10-08 13:01:42,253 - PixivUtil20200915 - INFO - New version available: ('20201006', '')
2020-10-08 13:01:42,967 - PixivUtil20200915 - INFO - Using custom DB Path: E:\Users\Emc11\Dropbox\Software\Webscraping\PixivUtil\Data.sqlite
2020-10-08 13:01:43,068 - PixivUtil20200915 - INFO - Only process members where the last update is >= 14 days ago
2020-10-08 13:01:43,068 - PixivUtil20200915 - INFO - Using Username: emc1130@hotmail.com
2020-10-08 13:01:43,070 - PixivUtil20200915 - INFO - Trying to log in with saved cookie
2020-10-08 13:01:44,048 - PixivUtil20200915 - INFO - Logging in, return url: https://www.pixiv.net/
2020-10-08 13:01:44,133 - PixivUtil20200915 - INFO - Login successful.
2020-10-08 13:01:44,133 - PixivUtil20200915 - INFO - Logged in using cookie
2020-10-08 13:01:44,159 - PixivUtil20200915 - ERROR - Unable to get User Id, please check your cookie.
2020-10-08 13:01:44,160 - PixivUtil20200915 - ERROR - NoneType: None

2020-10-08 13:01:44,162 - PixivUtil20200915 - INFO - Premium User: False.
2020-10-08 13:01:44,163 - PixivUtil20200915 - INFO - Locale = 
2020-10-08 13:01:54,041 - PixivUtil20200915 - INFO - User's Image Bookmark mode (6).
2020-10-08 13:02:02,155 - PixivUtil20200915 - INFO - Importing user's bookmarked image from page 1
2020-10-08 13:02:02,184 - PixivUtil20200915 - INFO - Source URL: https://www.pixiv.net/ajax/user/0/illusts/bookmarks?tag=&offset=0&limit=48&rest=show
2020-10-08 13:02:03,706 - PixivUtil20200915 - ERROR - Error at process_image_bookmark(): (<class 'mechanize._response.get_seek_wrapper_class.<locals>.httperror_seek_wrapper'>, <httperror_seek_wrapper (urllib.error.HTTPError instance) at 0x76b5a00 whose wrapped object = <HTTPError 401: 'Unauthorized'>>, <traceback object at 0x076F46A8>)
2020-10-08 13:02:03,707 - PixivUtil20200915 - ERROR - Traceback (most recent call last):
  File "PixivBookmarkHandler.pyc", line 73, in process_image_bookmark
  File "PixivBookmarkHandler.pyc", line 338, in get_image_bookmark
  File "mechanize\_mechanize.pyc", line 253, in open
  File "mechanize\_mechanize.pyc", line 309, in _mech_open
mechanize._response.get_seek_wrapper_class.<locals>.httperror_seek_wrapper: HTTP Error 401: Unauthorized

2020-10-08 13:02:04,132 - PixivUtil20200915 - ERROR - Unknown Error: HTTP Error 401: Unauthorized
Traceback (most recent call last):
  File "PixivUtil2.py", line 1146, in main
  File "PixivUtil2.py", line 859, in main_loop
  File "PixivUtil2.py", line 491, in menu_download_from_online_image_bookmark
  File "PixivBookmarkHandler.pyc", line 73, in process_image_bookmark
  File "PixivBookmarkHandler.pyc", line 338, in get_image_bookmark
  File "mechanize\_mechanize.pyc", line 253, in open
  File "mechanize\_mechanize.pyc", line 309, in _mech_open
mechanize._response.get_seek_wrapper_class.<locals>.httperror_seek_wrapper: HTTP Error 401: Unauthorized
2020-10-08 13:02:06,144 - PixivUtil20200915 - INFO - EXIT: -1
2020-10-08 13:02:06,148 - PixivUtil20200915 - INFO - ###############################################################
2020-10-21 09:46:18,858 - PixivUtil20200915 - INFO - ###############################################################
2020-10-21 09:46:18,859 - PixivUtil20200915 - INFO - Starting with argument: [C:\Users\Emc11\Dropbox\Software\Webscraping\PixivUtil\PixivUtil2.exe].
2020-10-21 09:46:18,875 - PixivUtil20200915 - INFO - Setting log level to: DEBUG
2020-10-21 09:46:18,876 - PixivUtil20200915 - INFO - No default cookie jar available, creating... 
2020-10-21 09:46:19,277 - PixivUtil20200915 - INFO - New beta version available: ('20201019', '-beta4')
2020-10-21 09:46:20,414 - PixivUtil20200915 - INFO - Using custom DB Path: C:\Users\Emc11\Dropbox\Software\Webscraping\PixivUtil\Data.sqlite
2020-10-21 09:46:20,455 - PixivUtil20200915 - INFO - Only process members where the last update is >= 14 days ago
2020-10-21 09:46:20,456 - PixivUtil20200915 - INFO - Using Username: emc1130@hotmail.com
2020-10-21 09:46:20,465 - PixivUtil20200915 - INFO - Trying to log in with saved cookie
2020-10-21 09:46:21,178 - PixivUtil20200915 - INFO - Logging in, return url: https://www.pixiv.net/
2020-10-21 09:46:21,185 - PixivUtil20200915 - INFO - Login successful.
2020-10-21 09:46:21,185 - PixivUtil20200915 - INFO - Logged in using cookie
2020-10-21 09:46:21,190 - PixivUtil20200915 - ERROR - Unable to get User Id, please check your cookie.
2020-10-21 09:46:21,190 - PixivUtil20200915 - ERROR - NoneType: None

2020-10-21 09:46:21,201 - PixivUtil20200915 - INFO - Premium User: False.
2020-10-21 09:46:21,201 - PixivUtil20200915 - INFO - Locale = 
2020-10-21 09:48:20,665 - PixivUtil20200915 - INFO - ###############################################################
2020-10-21 09:48:20,665 - PixivUtil20200915 - INFO - Starting with argument: [C:\Users\Emc11\Dropbox\Software\Webscraping\PixivUtil\PixivUtil2.exe].
2020-10-21 09:48:20,670 - PixivUtil20200915 - INFO - Setting log level to: DEBUG
2020-10-21 09:48:20,670 - PixivUtil20200915 - INFO - No default cookie jar available, creating... 
2020-10-21 09:48:20,938 - PixivUtil20200915 - INFO - New beta version available: ('20201019', '-beta4')
2020-10-21 09:48:21,749 - PixivUtil20200915 - INFO - Using custom DB Path: C:\Users\Emc11\Dropbox\Software\Webscraping\PixivUtil\Data.sqlite
2020-10-21 09:48:21,773 - PixivUtil20200915 - INFO - Only process members where the last update is >= 14 days ago
2020-10-21 09:48:21,774 - PixivUtil20200915 - INFO - Using Username: emc1130@hotmail.com
2020-10-21 09:48:21,778 - PixivUtil20200915 - INFO - Trying to log in with saved cookie
2020-10-21 09:48:22,234 - PixivUtil20200915 - ERROR - Error at doLogin(): (<class 'mechanize._response.get_seek_wrapper_class.<locals>.httperror_seek_wrapper'>, <httperror_seek_wrapper (urllib.error.HTTPError instance) at 0x73ee928 whose wrapped object = <HTTPError 403: 'Forbidden'>>, <traceback object at 0x0741D8C8>)
2020-10-21 09:48:22,239 - PixivUtil20200915 - ERROR - Traceback (most recent call last):
  File "PixivUtil2.py", line 941, in doLogin
  File "PixivBrowserFactory.pyc", line 311, in loginUsingCookie
  File "PixivBrowserFactory.pyc", line 200, in open_with_retry
  File "mechanize\_mechanize.pyc", line 253, in open
  File "mechanize\_mechanize.pyc", line 309, in _mech_open
mechanize._response.get_seek_wrapper_class.<locals>.httperror_seek_wrapper: HTTP Error 403: Forbidden

2020-10-21 09:48:22,241 - PixivUtil20200915 - ERROR - Cannot Login!
2020-10-21 09:48:22,245 - PixivUtil20200915 - ERROR - Traceback (most recent call last):
  File "PixivUtil2.py", line 941, in doLogin
  File "PixivBrowserFactory.pyc", line 311, in loginUsingCookie
  File "PixivBrowserFactory.pyc", line 200, in open_with_retry
  File "mechanize\_mechanize.pyc", line 253, in open
  File "mechanize\_mechanize.pyc", line 309, in _mech_open
mechanize._response.get_seek_wrapper_class.<locals>.httperror_seek_wrapper: HTTP Error 403: Forbidden

During handling of the above exception, another exception occurred:

Traceback (most recent call last):
  File "PixivUtil2.py", line 1143, in main
  File "PixivUtil2.py", line 948, in doLogin
PixivException.PixivException: 0 Cannot Login!, hasDumpPage=N, pageData=None

2020-10-21 09:48:28,252 - PixivUtil20200915 - INFO - EXIT: 0
2020-10-21 09:48:28,253 - PixivUtil20200915 - INFO - ###############################################################
2020-10-21 09:48:46,057 - PixivUtil20200915 - INFO - ###############################################################
2020-10-21 09:48:46,058 - PixivUtil20200915 - INFO - Starting with argument: [C:\Users\Emc11\Dropbox\Software\Webscraping\PixivUtil\PixivUtil2.exe].
2020-10-21 09:48:46,067 - PixivUtil20200915 - INFO - Setting log level to: DEBUG
2020-10-21 09:48:46,067 - PixivUtil20200915 - INFO - No default cookie jar available, creating... 
2020-10-21 09:48:46,319 - PixivUtil20200915 - INFO - New beta version available: ('20201019', '-beta4')
2020-10-21 09:48:47,037 - PixivUtil20200915 - INFO - Using custom DB Path: C:\Users\Emc11\Dropbox\Software\Webscraping\PixivUtil\Data.sqlite
2020-10-21 09:48:47,052 - PixivUtil20200915 - INFO - Only process members where the last update is >= 14 days ago
2020-10-21 09:48:47,052 - PixivUtil20200915 - INFO - Using Username: emc1130@hotmail.com
2020-10-21 09:48:47,054 - PixivUtil20200915 - INFO - Trying to log in with saved cookie
2020-10-21 09:48:47,540 - PixivUtil20200915 - INFO - Logging in, return url: https://www.pixiv.net/
2020-10-21 09:48:47,543 - PixivUtil20200915 - INFO - Login successful.
2020-10-21 09:48:47,543 - PixivUtil20200915 - INFO - Logged in using cookie
2020-10-21 09:48:47,546 - PixivUtil20200915 - ERROR - Unable to get User Id, please check your cookie.
2020-10-21 09:48:47,546 - PixivUtil20200915 - ERROR - NoneType: None

2020-10-21 09:48:47,550 - PixivUtil20200915 - INFO - Premium User: False.
2020-10-21 09:48:47,550 - PixivUtil20200915 - INFO - Locale = 
2020-10-21 09:48:55,846 - PixivUtil20200915 - INFO - User's Image Bookmark mode (6).
2020-10-21 09:49:03,973 - PixivUtil20200915 - INFO - Importing user's bookmarked image from page 1
2020-10-21 09:49:03,976 - PixivUtil20200915 - INFO - Source URL: https://www.pixiv.net/ajax/user/0/illusts/bookmarks?tag=&offset=0&limit=48&rest=show
2020-10-21 09:49:04,305 - PixivUtil20200915 - ERROR - Error at process_image_bookmark(): (<class 'mechanize._response.get_seek_wrapper_class.<locals>.httperror_seek_wrapper'>, <httperror_seek_wrapper (urllib.error.HTTPError instance) at 0x7ab6a90 whose wrapped object = <HTTPError 401: 'Unauthorized'>>, <traceback object at 0x07AF4728>)
2020-10-21 09:49:04,307 - PixivUtil20200915 - ERROR - Traceback (most recent call last):
  File "PixivBookmarkHandler.pyc", line 70, in process_image_bookmark
  File "PixivBookmarkHandler.pyc", line 338, in get_image_bookmark
  File "mechanize\_mechanize.pyc", line 253, in open
  File "mechanize\_mechanize.pyc", line 309, in _mech_open
mechanize._response.get_seek_wrapper_class.<locals>.httperror_seek_wrapper: HTTP Error 401: Unauthorized

2020-10-21 09:49:04,317 - PixivUtil20200915 - ERROR - Unknown Error: HTTP Error 401: Unauthorized
Traceback (most recent call last):
  File "PixivUtil2.py", line 1146, in main
  File "PixivUtil2.py", line 859, in main_loop
  File "PixivUtil2.py", line 491, in menu_download_from_online_image_bookmark
  File "PixivBookmarkHandler.pyc", line 70, in process_image_bookmark
  File "PixivBookmarkHandler.pyc", line 338, in get_image_bookmark
  File "mechanize\_mechanize.pyc", line 253, in open
  File "mechanize\_mechanize.pyc", line 309, in _mech_open
mechanize._response.get_seek_wrapper_class.<locals>.httperror_seek_wrapper: HTTP Error 401: Unauthorized
2020-10-21 10:07:15,584 - PixivUtil20200915 - INFO - ###############################################################
2020-10-21 10:07:15,586 - PixivUtil20200915 - INFO - Starting with argument: [C:\Users\Emc11\Dropbox\Software\Webscraping\PixivUtil\PixivUtil2.exe].
2020-10-21 10:07:15,594 - PixivUtil20200915 - INFO - Setting log level to: DEBUG
2020-10-21 10:07:15,594 - PixivUtil20200915 - INFO - No default cookie jar available, creating... 
2020-10-21 10:07:15,894 - PixivUtil20200915 - INFO - New beta version available: ('20201019', '-beta4')
2020-10-21 10:07:16,800 - PixivUtil20200915 - INFO - Using custom DB Path: C:\Users\Emc11\Dropbox\Software\Webscraping\PixivUtil\Data.sqlite
2020-10-21 10:07:16,833 - PixivUtil20200915 - INFO - Only process members where the last update is >= 14 days ago
2020-10-21 10:07:16,834 - PixivUtil20200915 - INFO - Using Username: Emc1130@hotmail.com
2020-10-21 10:07:16,836 - PixivUtil20200915 - INFO - Trying to log in with saved cookie
2020-10-21 10:07:17,418 - PixivUtil20200915 - INFO - Logging in, return url: https://www.pixiv.net/
2020-10-21 10:07:17,419 - PixivUtil20200915 - INFO - Login successful.
2020-10-21 10:07:17,419 - PixivUtil20200915 - INFO - Logged in using cookie
2020-10-21 10:07:17,423 - PixivUtil20200915 - ERROR - Unable to get User Id, please check your cookie.
2020-10-21 10:07:17,423 - PixivUtil20200915 - ERROR - NoneType: None

2020-10-21 10:07:17,426 - PixivUtil20200915 - INFO - Premium User: False.
2020-10-21 10:07:17,426 - PixivUtil20200915 - INFO - Locale = 
2020-10-21 10:07:37,776 - PixivUtil20200915 - INFO - User's Image Bookmark mode (6).
2020-10-21 10:07:45,456 - PixivUtil20200915 - INFO - Importing user's bookmarked image from page 1
2020-10-21 10:07:45,457 - PixivUtil20200915 - INFO - Source URL: https://www.pixiv.net/ajax/user/0/illusts/bookmarks?tag=&offset=0&limit=48&rest=show
2020-10-21 10:07:45,821 - PixivUtil20200915 - ERROR - Error at process_image_bookmark(): (<class 'mechanize._response.get_seek_wrapper_class.<locals>.httperror_seek_wrapper'>, <httperror_seek_wrapper (urllib.error.HTTPError instance) at 0x7cf5a90 whose wrapped object = <HTTPError 401: 'Unauthorized'>>, <traceback object at 0x07D33788>)
2020-10-21 10:07:45,825 - PixivUtil20200915 - ERROR - Traceback (most recent call last):
  File "PixivBookmarkHandler.pyc", line 70, in process_image_bookmark
  File "PixivBookmarkHandler.pyc", line 338, in get_image_bookmark
  File "mechanize\_mechanize.pyc", line 253, in open
  File "mechanize\_mechanize.pyc", line 309, in _mech_open
mechanize._response.get_seek_wrapper_class.<locals>.httperror_seek_wrapper: HTTP Error 401: Unauthorized

2020-10-21 10:07:45,831 - PixivUtil20200915 - ERROR - Unknown Error: HTTP Error 401: Unauthorized
Traceback (most recent call last):
  File "PixivUtil2.py", line 1146, in main
  File "PixivUtil2.py", line 859, in main_loop
  File "PixivUtil2.py", line 491, in menu_download_from_online_image_bookmark
  File "PixivBookmarkHandler.pyc", line 70, in process_image_bookmark
  File "PixivBookmarkHandler.pyc", line 338, in get_image_bookmark
  File "mechanize\_mechanize.pyc", line 253, in open
  File "mechanize\_mechanize.pyc", line 309, in _mech_open
mechanize._response.get_seek_wrapper_class.<locals>.httperror_seek_wrapper: HTTP Error 401: Unauthorized
2020-10-21 10:07:50,025 - PixivUtil20200915 - INFO - EXIT: -1
2020-10-21 10:07:50,026 - PixivUtil20200915 - INFO - ###############################################################
2020-10-21 10:07:54,760 - PixivUtil20200915 - INFO - ###############################################################
2020-10-21 10:07:54,760 - PixivUtil20200915 - INFO - Starting with argument: [C:\Users\Emc11\Dropbox\Software\Webscraping\PixivUtil\PixivUtil2.exe].
2020-10-21 10:07:54,764 - PixivUtil20200915 - INFO - Setting log level to: DEBUG
2020-10-21 10:07:54,764 - PixivUtil20200915 - INFO - No default cookie jar available, creating... 
2020-10-21 10:07:55,019 - PixivUtil20200915 - INFO - New beta version available: ('20201019', '-beta4')
2020-10-21 10:07:55,712 - PixivUtil20200915 - INFO - Using custom DB Path: C:\Users\Emc11\Dropbox\Software\Webscraping\PixivUtil\Data.sqlite
2020-10-21 10:07:55,717 - PixivUtil20200915 - INFO - Only process members where the last update is >= 14 days ago
2020-10-21 10:07:55,718 - PixivUtil20200915 - INFO - Using Username: Emc1130@hotmail.com
2020-10-21 10:07:55,720 - PixivUtil20200915 - INFO - Logging in...
2020-10-21 10:07:57,691 - PixivUtil20200915 - INFO - Logging in, return url: https://accounts.pixiv.net/api/login?lang=en
2020-10-21 10:07:57,693 - PixivUtil20200915 - INFO - b'{"error":false,"message":"","body":{"validation_errors":{"captcha":"Complete the reCAPTCHA verification"}}}'
2020-10-21 10:07:57,716 - PixivUtil20200915 - INFO - Server reply: {'captcha': 'Complete the reCAPTCHA verification'}
2020-10-21 10:08:07,301 - PixivUtil20200915 - INFO - EXIT: 100
2020-10-21 10:08:07,302 - PixivUtil20200915 - INFO - ###############################################################
